  texture.cpp
f:\programming\realtimerendering\rohitmuneshwarrtrassignments\opengl_on_windows\practice\consoleapps\18.pp\colladaparser\colladaparserusinganimation\code\texture.cpp(24): warning C4244: 'argument': conversion from 'double' to 'GLint', possible loss of data
  PerspectiveTriangle.cpp
f:\programming\realtimerendering\rohitmuneshwarrtrassignments\opengl_on_windows\practice\consoleapps\18.pp\colladaparser\colladaparserusinganimation\code\vmath.h(996): warning C4244: 'initializing': conversion from 'double' to 'float', possible loss of data
f:\programming\realtimerendering\rohitmuneshwarrtrassignments\opengl_on_windows\practice\consoleapps\18.pp\colladaparser\colladaparserusinganimation\code\perspectivetriangle.cpp(234): warning C4800: 'BOOL': forcing value to bool 'true' or 'false' (performance warning)
f:\programming\realtimerendering\rohitmuneshwarrtrassignments\opengl_on_windows\practice\consoleapps\18.pp\colladaparser\colladaparserusinganimation\code\perspectivetriangle.cpp(240): warning C4800: 'BOOL': forcing value to bool 'true' or 'false' (performance warning)
f:\programming\realtimerendering\rohitmuneshwarrtrassignments\opengl_on_windows\practice\consoleapps\18.pp\colladaparser\colladaparserusinganimation\code\perspectivetriangle.cpp(269): warning C4930: 'initialize::ColladaData loadColladaFile(char *)': prototyped function not called (was a variable definition intended?)
  math_3d.cpp
f:\programming\realtimerendering\rohitmuneshwarrtrassignments\opengl_on_windows\practice\consoleapps\18.pp\colladaparser\colladaparserusinganimation\code\math_3d.cpp(39): warning C4244: 'argument': conversion from 'double' to 'float', possible loss of data
f:\programming\realtimerendering\rohitmuneshwarrtrassignments\opengl_on_windows\practice\consoleapps\18.pp\colladaparser\colladaparserusinganimation\code\math_3d.cpp(40): warning C4244: 'argument': conversion from 'double' to 'float', possible loss of data
f:\programming\realtimerendering\rohitmuneshwarrtrassignments\opengl_on_windows\practice\consoleapps\18.pp\colladaparser\colladaparserusinganimation\code\math_3d.cpp(70): warning C4244: 'initializing': conversion from 'double' to 'float', possible loss of data
f:\programming\realtimerendering\rohitmuneshwarrtrassignments\opengl_on_windows\practice\consoleapps\18.pp\colladaparser\colladaparserusinganimation\code\math_3d.cpp(70): warning C4244: 'initializing': conversion from 'double' to 'const float', possible loss of data
f:\programming\realtimerendering\rohitmuneshwarrtrassignments\opengl_on_windows\practice\consoleapps\18.pp\colladaparser\colladaparserusinganimation\code\math_3d.cpp(71): warning C4244: 'initializing': conversion from 'double' to 'float', possible loss of data
f:\programming\realtimerendering\rohitmuneshwarrtrassignments\opengl_on_windows\practice\consoleapps\18.pp\colladaparser\colladaparserusinganimation\code\math_3d.cpp(71): warning C4244: 'initializing': conversion from 'double' to 'const float', possible loss of data
f:\programming\realtimerendering\rohitmuneshwarrtrassignments\opengl_on_windows\practice\consoleapps\18.pp\colladaparser\colladaparserusinganimation\code\math_3d.cpp(72): warning C4244: 'initializing': conversion from 'double' to 'float', possible loss of data
f:\programming\realtimerendering\rohitmuneshwarrtrassignments\opengl_on_windows\practice\consoleapps\18.pp\colladaparser\colladaparserusinganimation\code\math_3d.cpp(72): warning C4244: 'initializing': conversion from 'double' to 'const float', possible loss of data
f:\programming\realtimerendering\rohitmuneshwarrtrassignments\opengl_on_windows\practice\consoleapps\18.pp\colladaparser\colladaparserusinganimation\code\math_3d.cpp(120): warning C4244: 'argument': conversion from 'double' to 'float', possible loss of data
  Generating Code...
texture.obj : error LNK2019: unresolved external symbol "public: __thiscall Magick::Blob::Blob(void)" (??0Blob@Magick@@QAE@XZ) referenced in function "public: __thiscall Texture::Texture(unsigned int,class std::basic_string<char,struct std::char_traits<char>,class std::allocator<char> > const &)" (??0Texture@@QAE@IABV?$basic_string@DU?$char_traits@D@std@@V?$allocator@D@2@@std@@@Z)
texture.obj : error LNK2019: unresolved external symbol "public: virtual __thiscall Magick::Blob::~Blob(void)" (??1Blob@Magick@@UAE@XZ) referenced in function __unwindfunclet$??0Texture@@QAE@IABV?$basic_string@DU?$char_traits@D@std@@V?$allocator@D@2@@std@@@Z$1
texture.obj : error LNK2019: unresolved external symbol "public: void const * __thiscall Magick::Blob::data(void)const " (?data@Blob@Magick@@QBEPBXXZ) referenced in function __catch$?Load@Texture@@QAE_NXZ$0
texture.obj : error LNK2019: unresolved external symbol "public: __thiscall Magick::Image::Image(class std::basic_string<char,struct std::char_traits<char>,class std::allocator<char> > const &)" (??0Image@Magick@@QAE@ABV?$basic_string@DU?$char_traits@D@std@@V?$allocator@D@2@@std@@@Z) referenced in function "public: bool __thiscall Texture::Load(void)" (?Load@Texture@@QAE_NXZ)
texture.obj : error LNK2019: unresolved external symbol "public: unsigned int __thiscall Magick::Image::columns(void)const " (?columns@Image@Magick@@QBEIXZ) referenced in function __catch$?Load@Texture@@QAE_NXZ$0
texture.obj : error LNK2019: unresolved external symbol "public: unsigned int __thiscall Magick::Image::rows(void)const " (?rows@Image@Magick@@QBEIXZ) referenced in function __catch$?Load@Texture@@QAE_NXZ$0
texture.obj : error LNK2019: unresolved external symbol "public: void __thiscall Magick::Image::write(class Magick::Blob *,class std::basic_string<char,struct std::char_traits<char>,class std::allocator<char> > const &)" (?write@Image@Magick@@QAEXPAVBlob@2@ABV?$basic_string@DU?$char_traits@D@std@@V?$allocator@D@2@@std@@@Z) referenced in function "public: bool __thiscall Texture::Load(void)" (?Load@Texture@@QAE_NXZ)
F:\Programming\realtimerendering\RohitMuneshwarRTRAssignments\OpenGL_On_Windows\practice\consoleApps\18.PP\ColladaParser\ColladaParserUsingAnimation\Libs\CORE_RL_Magick++_.lib : warning LNK4272: library machine type 'x64' conflicts with target machine type 'X86'
F:\Programming\realtimerendering\RohitMuneshwarRTRAssignments\OpenGL_On_Windows\practice\consoleApps\18.PP\ColladaParser\ColladaParserUsingAnimation\Libs\CORE_RL_MagickCore_.lib : warning LNK4272: library machine type 'x64' conflicts with target machine type 'X86'
F:\Programming\realtimerendering\RohitMuneshwarRTRAssignments\OpenGL_On_Windows\practice\consoleApps\18.PP\ColladaParser\ColladaParserUsingAnimation\Libs\CORE_RL_MagickWand_.lib : warning LNK4272: library machine type 'x64' conflicts with target machine type 'X86'
F:\Programming\realtimerendering\RohitMuneshwarRTRAssignments\OpenGL_On_Windows\practice\consoleApps\18.PP\ColladaParser\ColladaParserUsingAnimation\Debug\ColladaParserUsingAnimation.exe : fatal error LNK1120: 7 unresolved externals
